[2025-07-28 23:52:01,966] [ERROR] in app: Exception on / [GET]
Traceback (most recent call last):
  File "/Users/alessio/PYTHON_SOFTWARE/CMS_DEF/CMS_DEF/lib/python3.13/site-packages/flask/app.py", line 1511, in wsgi_app
    response = self.full_dispatch_request()
  File "/Users/alessio/PYTHON_SOFTWARE/CMS_DEF/CMS_DEF/lib/python3.13/site-packages/flask/app.py", line 919, in full_dispatch_request
    rv = self.handle_user_exception(e)
  File "/Users/alessio/PYTHON_SOFTWARE/CMS_DEF/CMS_DEF/lib/python3.13/site-packages/flask/app.py", line 917, in full_dispatch_request
    rv = self.dispatch_request()
  File "/Users/alessio/PYTHON_SOFTWARE/CMS_DEF/CMS_DEF/lib/python3.13/site-packages/flask/app.py", line 902, in dispatch_request
    return self.ensure_sync(self.view_functions[rule.endpoint])(**view_args)  # type: ignore[no-any-return]
           ~~~~~~~~~~~~~~~~~~~~~~~~~~~~~~~~~~~~~~~~~~~~~~~~~~~~^^^^^^^^^^^^^
  File "/Users/alessio/PYTHON_SOFTWARE/CMS_DEF/landing/routes.py", line 53, in home
    return render_template('landing/views/index.html')
  File "/Users/alessio/PYTHON_SOFTWARE/CMS_DEF/CMS_DEF/lib/python3.13/site-packages/flask/templating.py", line 149, in render_template
    template = app.jinja_env.get_or_select_template(template_name_or_list)
  File "/Users/alessio/PYTHON_SOFTWARE/CMS_DEF/CMS_DEF/lib/python3.13/site-packages/jinja2/environment.py", line 1087, in get_or_select_template
    return self.get_template(template_name_or_list, parent, globals)
           ~~~~~~~~~~~~~~~~~^^^^^^^^^^^^^^^^^^^^^^^^^^^^^^^^^^^^^^^^
  File "/Users/alessio/PYTHON_SOFTWARE/CMS_DEF/CMS_DEF/lib/python3.13/site-packages/jinja2/environment.py", line 1016, in get_template
    return self._load_template(name, globals)
           ~~~~~~~~~~~~~~~~~~~^^^^^^^^^^^^^^^
  File "/Users/alessio/PYTHON_SOFTWARE/CMS_DEF/CMS_DEF/lib/python3.13/site-packages/jinja2/environment.py", line 975, in _load_template
    template = self.loader.load(self, name, self.make_globals(globals))
  File "/Users/alessio/PYTHON_SOFTWARE/CMS_DEF/CMS_DEF/lib/python3.13/site-packages/jinja2/loaders.py", line 138, in load
    code = environment.compile(source, name, filename)
  File "/Users/alessio/PYTHON_SOFTWARE/CMS_DEF/CMS_DEF/lib/python3.13/site-packages/jinja2/environment.py", line 771, in compile
    self.handle_exception(source=source_hint)
    ~~~~~~~~~~~~~~~~~~~~~^^^^^^^^^^^^^^^^^^^^
  File "/Users/alessio/PYTHON_SOFTWARE/CMS_DEF/CMS_DEF/lib/python3.13/site-packages/jinja2/environment.py", line 942, in handle_exception
    raise rewrite_traceback_stack(source=source)
  File "/Users/alessio/PYTHON_SOFTWARE/CMS_DEF/landing/templates/landing/views/index.html", line 488, in template
    "{{ translate('Dopo 3 piattaforme diverse, finalmente ho trovato la soluzione perfetta. L'integrazione con i corrieri mi fa risparmiare 10 ore a settimana!') }}"
    ^
jinja2.exceptions.TemplateSyntaxError: expected token ',', got 'integrazione'
[2025-07-28 23:52:02,953] [ERROR] in app: Exception on / [GET]
Traceback (most recent call last):
  File "/Users/alessio/PYTHON_SOFTWARE/CMS_DEF/CMS_DEF/lib/python3.13/site-packages/flask/app.py", line 1511, in wsgi_app
    response = self.full_dispatch_request()
  File "/Users/alessio/PYTHON_SOFTWARE/CMS_DEF/CMS_DEF/lib/python3.13/site-packages/flask/app.py", line 919, in full_dispatch_request
    rv = self.handle_user_exception(e)
  File "/Users/alessio/PYTHON_SOFTWARE/CMS_DEF/CMS_DEF/lib/python3.13/site-packages/flask/app.py", line 917, in full_dispatch_request
    rv = self.dispatch_request()
  File "/Users/alessio/PYTHON_SOFTWARE/CMS_DEF/CMS_DEF/lib/python3.13/site-packages/flask/app.py", line 902, in dispatch_request
    return self.ensure_sync(self.view_functions[rule.endpoint])(**view_args)  # type: ignore[no-any-return]
           ~~~~~~~~~~~~~~~~~~~~~~~~~~~~~~~~~~~~~~~~~~~~~~~~~~~~^^^^^^^^^^^^^
  File "/Users/alessio/PYTHON_SOFTWARE/CMS_DEF/landing/routes.py", line 53, in home
    return render_template('landing/views/index.html')
  File "/Users/alessio/PYTHON_SOFTWARE/CMS_DEF/CMS_DEF/lib/python3.13/site-packages/flask/templating.py", line 149, in render_template
    template = app.jinja_env.get_or_select_template(template_name_or_list)
  File "/Users/alessio/PYTHON_SOFTWARE/CMS_DEF/CMS_DEF/lib/python3.13/site-packages/jinja2/environment.py", line 1087, in get_or_select_template
    return self.get_template(template_name_or_list, parent, globals)
           ~~~~~~~~~~~~~~~~~^^^^^^^^^^^^^^^^^^^^^^^^^^^^^^^^^^^^^^^^
  File "/Users/alessio/PYTHON_SOFTWARE/CMS_DEF/CMS_DEF/lib/python3.13/site-packages/jinja2/environment.py", line 1016, in get_template
    return self._load_template(name, globals)
           ~~~~~~~~~~~~~~~~~~~^^^^^^^^^^^^^^^
  File "/Users/alessio/PYTHON_SOFTWARE/CMS_DEF/CMS_DEF/lib/python3.13/site-packages/jinja2/environment.py", line 975, in _load_template
    template = self.loader.load(self, name, self.make_globals(globals))
  File "/Users/alessio/PYTHON_SOFTWARE/CMS_DEF/CMS_DEF/lib/python3.13/site-packages/jinja2/loaders.py", line 138, in load
    code = environment.compile(source, name, filename)
  File "/Users/alessio/PYTHON_SOFTWARE/CMS_DEF/CMS_DEF/lib/python3.13/site-packages/jinja2/environment.py", line 771, in compile
    self.handle_exception(source=source_hint)
    ~~~~~~~~~~~~~~~~~~~~~^^^^^^^^^^^^^^^^^^^^
  File "/Users/alessio/PYTHON_SOFTWARE/CMS_DEF/CMS_DEF/lib/python3.13/site-packages/jinja2/environment.py", line 942, in handle_exception
    raise rewrite_traceback_stack(source=source)
  File "/Users/alessio/PYTHON_SOFTWARE/CMS_DEF/landing/templates/landing/views/index.html", line 488, in template
    "{{ translate('Dopo 3 piattaforme diverse, finalmente ho trovato la soluzione perfetta. L'integrazione con i corrieri mi fa risparmiare 10 ore a settimana!') }}"
    ^
jinja2.exceptions.TemplateSyntaxError: expected token ',', got 'integrazione'
[2025-07-28 23:52:32,945] [INFO] in landing_app: ✅ LinkBay-CMS avviato correttamente.
[2025-07-28 23:53:37,705] [INFO] in landing_app: ✅ LinkBay-CMS avviato correttamente.
[2025-07-28 23:55:33,729] [INFO] in landing_app: ✅ LinkBay-CMS avviato correttamente.
[2025-07-28 23:55:34,340] [INFO] in landing_app: ✅ LinkBay-CMS avviato correttamente.
[2025-07-29 00:02:18,008] [INFO] in landing_app: ✅ LinkBay-CMS avviato correttamente.
[2025-07-29 00:02:18,641] [INFO] in landing_app: ✅ LinkBay-CMS avviato correttamente.
[2025-07-29 01:13:42,453] [INFO] in landing_app: ✅ LinkBay-CMS avviato correttamente.
[2025-07-29 01:13:43,039] [INFO] in landing_app: ✅ LinkBay-CMS avviato correttamente.
[2025-07-29 01:18:24,672] [INFO] in landing_app: ✅ LinkBay-CMS avviato correttamente.
[2025-07-29 01:18:25,259] [INFO] in landing_app: ✅ LinkBay-CMS avviato correttamente.
[2025-07-29 01:26:15,918] [INFO] in landing_app: ✅ LinkBay-CMS avviato correttamente.
