2025-04-09 22:43:28,120 [INFO] ðŸ§ª Esecuzione test manuale webhook...
2025-04-09 22:43:28,160 [INFO] âœ… [TEST] Abbonamento aggiornato a AllIsReady per dioporcobastardo.
2025-04-09 22:53:59,906 [INFO] ðŸ“¦ Ricevuto evento Stripe: charge.succeeded
2025-04-09 22:53:59,908 [INFO] ðŸ“¨ Payload ricevuto: {
  "api_version": "2025-02-24.acacia",
  "created": 1744232038,
  "data": {
    "object": {
      "amount": 3600,
      "amount_captured": 3600,
      "amount_refunded": 0,
      "application": null,
      "application_fee": null,
      "application_fee_amount": null,
      "balance_transaction": "txn_3RC5dAPteJOX9ukr0OkFa99W",
      "billing_details": {
        "address": {
          "city": null,
          "country": "IT",
          "line1": null,
          "line2": null,
          "postal_code": null,
          "state": null
        },
        "email": "a.a@gmail.com",
        "name": "Alessio Q",
        "phone": null
      },
      "calculated_statement_descriptor": "DEFAULT SANDBOX",
      "captured": true,
      "created": 1744232037,
      "currency": "eur",
      "customer": "cus_S6IDBSR5UZ6Vpy",
      "description": "Subscription creation",
      "destination": null,
      "dispute": null,
      "disputed": false,
      "failure_balance_transaction": null,
      "failure_code": null,
      "failure_message": null,
      "fraud_details": {},
      "id": "ch_3RC5dAPteJOX9ukr0Rj2lglB",
      "invoice": "in_1RC5dAPteJOX9ukrZzURMP4f",
      "livemode": false,
      "metadata": {},
      "object": "charge",
      "on_behalf_of": null,
      "order": null,
      "outcome": {
        "advice_code": null,
        "network_advice_code": null,
        "network_decline_code": null,
        "network_status": "approved_by_network",
        "reason": null,
        "risk_level": "normal",
        "risk_score": 30,
        "seller_message": "Payment complete.",
        "type": "authorized"
      },
      "paid": true,
      "payment_intent": "pi_3RC5dAPteJOX9ukr08mlxjh7",
      "payment_method": "pm_1RC5d9PteJOX9ukrvDTvmqCl",
      "payment_method_details": {
        "card": {
          "amount_authorized": 3600,
          "authorization_code": null,
          "brand": "visa",
          "checks": {
            "address_line1_check": null,
            "address_postal_code_check": null,
            "cvc_check": "pass"
          },
          "country": "US",
          "exp_month": 9,
          "exp_year": 2029,
          "extended_authorization": {
            "status": "disabled"
          },
          "fingerprint": "mB6Pyp1GwuciRztS",
          "funding": "credit",
          "incremental_authorization": {
            "status": "unavailable"
          },
          "installments": null,
          "last4": "4242",
          "mandate": null,
          "multicapture": {
            "status": "unavailable"
          },
          "network": "visa",
          "network_token": {
            "used": false
          },
          "network_transaction_id": "109665480121112",
          "overcapture": {
            "maximum_amount_capturable": 3600,
            "status": "unavailable"
          },
          "regulated_status": "unregulated",
          "three_d_secure": null,
          "wallet": null
        },
        "type": "card"
      },
      "radar_options": {},
      "receipt_email": null,
      "receipt_number": null,
      "receipt_url": "https://pay.stripe.com/receipts/invoices/CAcaFwoVYWNjdF8xUjhyOEJQdGVKT1g5dWtyKOe8278GMgZZLE9Kd8Y6LBYpYdikjqX89nfEgUBfDvWkqi7q7Se4fq2byGTB7_qljuddEVOAYyXhfZC9?s=ap",
      "refunded": false,
      "review": null,
      "shipping": null,
      "source": null,
      "source_transfer": null,
      "statement_descriptor": null,
      "statement_descriptor_suffix": null,
      "status": "succeeded",
      "transfer_data": null,
      "transfer_group": null
    }
  },
  "id": "evt_3RC5dAPteJOX9ukr0lkTtVaj",
  "livemode": false,
  "object": "event",
  "pending_webhooks": 2,
  "request": {
    "id": null,
    "idempotency_key": "5f51ff69-7151-43b3-adee-2ec7fdc51535"
  },
  "type": "charge.succeeded"
}
2025-04-09 22:53:59,984 [INFO] ðŸ“¦ Ricevuto evento Stripe: checkout.session.completed
2025-04-09 22:53:59,985 [INFO] ðŸ“¨ Payload ricevuto: {
  "api_version": "2025-02-24.acacia",
  "created": 1744232039,
  "data": {
    "object": {
      "adaptive_pricing": null,
      "after_expiration": null,
      "allow_promotion_codes": null,
      "amount_subtotal": 3600,
      "amount_total": 3600,
      "automatic_tax": {
        "enabled": false,
        "liability": null,
        "status": null
      },
      "billing_address_collection": null,
      "cancel_url": "http://127.0.0.1:5000/subscription/cancel?shop=erboristeria",
      "client_reference_id": null,
      "client_secret": null,
      "collected_information": {
        "shipping_details": null
      },
      "consent": null,
      "consent_collection": null,
      "created": 1744232011,
      "currency": "eur",
      "currency_conversion": null,
      "custom_fields": [],
      "custom_text": {
        "after_submit": null,
        "shipping_address": null,
        "submit": null,
        "terms_of_service_acceptance": null
      },
      "customer": "cus_S6IDBSR5UZ6Vpy",
      "customer_creation": "always",
      "customer_details": {
        "address": {
          "city": null,
          "country": "IT",
          "line1": null,
          "line2": null,
          "postal_code": null,
          "state": null
        },
        "email": "a.a@gmail.com",
        "name": "Alessio Q",
        "phone": null,
        "tax_exempt": "none",
        "tax_ids": []
      },
      "customer_email": null,
      "discounts": [],
      "expires_at": 1744318411,
      "id": "cs_test_a1hqw05sQdrkECHCt7DwGZgep7b8RjLSW22wziQboROkA7WVkz6HZmG1Kj",
      "invoice": "in_1RC5dAPteJOX9ukrZzURMP4f",
      "invoice_creation": null,
      "livemode": false,
      "locale": null,
      "metadata": {
        "plan_name": "professionaldesk",
        "shop_name": "erboristeria",
        "user_id": "1"
      },
      "mode": "subscription",
      "object": "checkout.session",
      "payment_intent": null,
      "payment_link": null,
      "payment_method_collection": "always",
      "payment_method_configuration_details": null,
      "payment_method_options": {
        "card": {
          "request_three_d_secure": "automatic"
        }
      },
      "payment_method_types": [
        "card"
      ],
      "payment_status": "paid",
      "permissions": null,
      "phone_number_collection": {
        "enabled": false
      },
      "recovered_from": null,
      "saved_payment_method_options": {
        "allow_redisplay_filters": [
          "always"
        ],
        "payment_method_remove": null,
        "payment_method_save": null
      },
      "setup_intent": null,
      "shipping_address_collection": null,
      "shipping_cost": null,
      "shipping_details": null,
      "shipping_options": [],
      "status": "complete",
      "submit_type": null,
      "subscription": "sub_1RC5dAPteJOX9ukr9THDdqKo",
      "success_url": "http://127.0.0.1:5000/subscription/success?shop=erboristeria",
      "total_details": {
        "amount_discount": 0,
        "amount_shipping": 0,
        "amount_tax": 0
      },
      "ui_mode": "hosted",
      "url": null,
      "wallet_options": null
    }
  },
  "id": "evt_1RC5dDPteJOX9ukrvaAqTAnH",
  "livemode": false,
  "object": "event",
  "pending_webhooks": 2,
  "request": {
    "id": null,
    "idempotency_key": null
  },
  "type": "checkout.session.completed"
}
2025-04-09 22:53:59,985 [INFO] ðŸ“‹ Metadata presenti nella sessione: {
  "plan_name": "professionaldesk",
  "shop_name": "erboristeria",
  "user_id": "1"
}
2025-04-09 22:53:59,985 [INFO] ðŸ§  Metadata ricevuti: user_id=1, shop_name=erboristeria, plan_name=professionaldesk
2025-04-09 22:53:59,988 [INFO] ðŸ” Dati aggiornamento -> Piano: ProfessionalDesk, Prezzo: 36, Shop: erboristeria, User: 1
2025-04-09 22:53:59,993 [INFO] âœ… Abbonamento aggiornato a ProfessionalDesk per erboristeria.
2025-04-09 22:53:59,993 [INFO] âœ… Webhook completato per session ID: cs_test_a1hqw05sQdrkECHCt7DwGZgep7b8RjLSW22wziQboROkA7WVkz6HZmG1Kj
2025-04-09 22:54:00,103 [INFO] ðŸ“¦ Ricevuto evento Stripe: payment_method.attached
2025-04-09 22:54:00,103 [INFO] ðŸ“¨ Payload ricevuto: {
  "api_version": "2025-02-24.acacia",
  "created": 1744232038,
  "data": {
    "object": {
      "allow_redisplay": "limited",
      "billing_details": {
        "address": {
          "city": null,
          "country": "IT",
          "line1": null,
          "line2": null,
          "postal_code": null,
          "state": null
        },
        "email": "a.a@gmail.com",
        "name": "Alessio Q",
        "phone": null
      },
      "card": {
        "brand": "visa",
        "checks": {
          "address_line1_check": null,
          "address_postal_code_check": null,
          "cvc_check": "pass"
        },
        "country": "US",
        "display_brand": "visa",
        "exp_month": 9,
        "exp_year": 2029,
        "fingerprint": "mB6Pyp1GwuciRztS",
        "funding": "credit",
        "generated_from": null,
        "last4": "4242",
        "networks": {
          "available": [
            "visa"
          ],
          "preferred": null
        },
        "regulated_status": "unregulated",
        "three_d_secure_usage": {
          "supported": true
        },
        "wallet": null
      },
      "created": 1744232035,
      "customer": "cus_S6IDBSR5UZ6Vpy",
      "id": "pm_1RC5d9PteJOX9ukrvDTvmqCl",
      "livemode": false,
      "metadata": {},
      "object": "payment_method",
      "type": "card"
    }
  },
  "id": "evt_1RC5dDPteJOX9ukrLPL3m89g",
  "livemode": false,
  "object": "event",
  "pending_webhooks": 2,
  "request": {
    "id": null,
    "idempotency_key": "5f51ff69-7151-43b3-adee-2ec7fdc51535"
  },
  "type": "payment_method.attached"
}
2025-04-09 22:54:00,109 [INFO] ðŸ“¦ Ricevuto evento Stripe: customer.created
2025-04-09 22:54:00,109 [INFO] ðŸ“¨ Payload ricevuto: {
  "api_version": "2025-02-24.acacia",
  "created": 1744232036,
  "data": {
    "object": {
      "address": {
        "city": null,
        "country": "IT",
        "line1": null,
        "line2": null,
        "postal_code": null,
        "state": null
      },
      "balance": 0,
      "created": 1744232036,
      "currency": null,
      "default_source": null,
      "delinquent": false,
      "description": null,
      "discount": null,
      "email": "a.a@gmail.com",
      "id": "cus_S6IDBSR5UZ6Vpy",
      "invoice_prefix": "ED25BF09",
      "invoice_settings": {
        "custom_fields": null,
        "default_payment_method": null,
        "footer": null,
        "rendering_options": null
      },
      "livemode": false,
      "metadata": {},
      "name": "Alessio Q",
      "object": "customer",
      "phone": null,
      "preferred_locales": [
        "en"
      ],
      "shipping": null,
      "tax_exempt": "none",
      "test_clock": null
    }
  },
  "id": "evt_1RC5dDPteJOX9ukrBLyBROt9",
  "livemode": false,
  "object": "event",
  "pending_webhooks": 2,
  "request": {
    "id": null,
    "idempotency_key": "5f51ff69-7151-43b3-adee-2ec7fdc51535"
  },
  "type": "customer.created"
}
2025-04-09 22:54:00,136 [INFO] ðŸ“¦ Ricevuto evento Stripe: customer.updated
2025-04-09 22:54:00,136 [INFO] ðŸ“¨ Payload ricevuto: {
  "api_version": "2025-02-24.acacia",
  "created": 1744232037,
  "data": {
    "object": {
      "address": {
        "city": null,
        "country": "IT",
        "line1": null,
        "line2": null,
        "postal_code": null,
        "state": null
      },
      "balance": 0,
      "created": 1744232036,
      "currency": "eur",
      "default_source": null,
      "delinquent": false,
      "description": null,
      "discount": null,
      "email": "a.a@gmail.com",
      "id": "cus_S6IDBSR5UZ6Vpy",
      "invoice_prefix": "ED25BF09",
      "invoice_settings": {
        "custom_fields": null,
        "default_payment_method": null,
        "footer": null,
        "rendering_options": null
      },
      "livemode": false,
      "metadata": {},
      "name": "Alessio Q",
      "object": "customer",
      "phone": null,
      "preferred_locales": [
        "en"
      ],
      "shipping": null,
      "tax_exempt": "none",
      "test_clock": null
    },
    "previous_attributes": {
      "currency": null
    }
  },
  "id": "evt_1RC5dDPteJOX9ukrkOli7Z1r",
  "livemode": false,
  "object": "event",
  "pending_webhooks": 2,
  "request": {
    "id": null,
    "idempotency_key": "5f51ff69-7151-43b3-adee-2ec7fdc51535"
  },
  "type": "customer.updated"
}
2025-04-09 22:54:00,178 [INFO] ðŸ“¦ Ricevuto evento Stripe: customer.subscription.created
2025-04-09 22:54:00,179 [INFO] ðŸ“¨ Payload ricevuto: {
  "api_version": "2025-02-24.acacia",
  "created": 1744232037,
  "data": {
    "object": {
      "application": null,
      "application_fee_percent": null,
      "automatic_tax": {
        "disabled_reason": null,
        "enabled": false,
        "liability": null
      },
      "billing_cycle_anchor": 1744232036,
      "billing_cycle_anchor_config": null,
      "billing_thresholds": null,
      "cancel_at": null,
      "cancel_at_period_end": false,
      "canceled_at": null,
      "cancellation_details": {
        "comment": null,
        "feedback": null,
        "reason": null
      },
      "collection_method": "charge_automatically",
      "created": 1744232036,
      "currency": "eur",
      "current_period_end": 1746824036,
      "current_period_start": 1744232036,
      "customer": "cus_S6IDBSR5UZ6Vpy",
      "days_until_due": null,
      "default_payment_method": null,
      "default_source": null,
      "default_tax_rates": [],
      "description": null,
      "discount": null,
      "discounts": [],
      "ended_at": null,
      "id": "sub_1RC5dAPteJOX9ukr9THDdqKo",
      "invoice_settings": {
        "account_tax_ids": null,
        "issuer": {
          "type": "self"
        }
      },
      "items": {
        "data": [
          {
            "billing_thresholds": null,
            "created": 1744232036,
            "current_period_end": 1746824036,
            "current_period_start": 1744232036,
            "discounts": [],
            "id": "si_S6IDCPn3DZwSBf",
            "metadata": {},
            "object": "subscription_item",
            "plan": {
              "active": true,
              "aggregate_usage": null,
              "amount": 3600,
              "amount_decimal": "3600",
              "billing_scheme": "per_unit",
              "created": 1744224034,
              "currency": "eur",
              "id": "price_1RC3Y6PteJOX9ukrratINEP1",
              "interval": "month",
              "interval_count": 1,
              "livemode": false,
              "metadata": {},
              "meter": null,
              "nickname": null,
              "object": "plan",
              "product": "prod_S6G4TBlFaWVRSi",
              "tiers_mode": null,
              "transform_usage": null,
              "trial_period_days": null,
              "usage_type": "licensed"
            },
            "price": {
              "active": true,
              "billing_scheme": "per_unit",
              "created": 1744224034,
              "currency": "eur",
              "custom_unit_amount": null,
              "id": "price_1RC3Y6PteJOX9ukrratINEP1",
              "livemode": false,
              "lookup_key": null,
              "metadata": {},
              "nickname": null,
              "object": "price",
              "product": "prod_S6G4TBlFaWVRSi",
              "recurring": {
                "aggregate_usage": null,
                "interval": "month",
                "interval_count": 1,
                "meter": null,
                "trial_period_days": null,
                "usage_type": "licensed"
              },
              "tax_behavior": "inclusive",
              "tiers_mode": null,
              "transform_quantity": null,
              "type": "recurring",
              "unit_amount": 3600,
              "unit_amount_decimal": "3600"
            },
            "quantity": 1,
            "subscription": "sub_1RC5dAPteJOX9ukr9THDdqKo",
            "tax_rates": []
          }
        ],
        "has_more": false,
        "object": "list",
        "total_count": 1,
        "url": "/v1/subscription_items?subscription=sub_1RC5dAPteJOX9ukr9THDdqKo"
      },
      "latest_invoice": "in_1RC5dAPteJOX9ukrZzURMP4f",
      "livemode": false,
      "metadata": {},
      "next_pending_invoice_item_invoice": null,
      "object": "subscription",
      "on_behalf_of": null,
      "pause_collection": null,
      "payment_settings": {
        "payment_method_options": {
          "acss_debit": null,
          "bancontact": null,
          "card": {
            "network": null,
            "request_three_d_secure": "automatic"
          },
          "customer_balance": null,
          "konbini": null,
          "sepa_debit": null,
          "us_bank_account": null
        },
        "payment_method_types": [
          "card"
        ],
        "save_default_payment_method": "off"
      },
      "pending_invoice_item_interval": null,
      "pending_setup_intent": null,
      "pending_update": null,
      "plan": {
        "active": true,
        "aggregate_usage": null,
        "amount": 3600,
        "amount_decimal": "3600",
        "billing_scheme": "per_unit",
        "created": 1744224034,
        "currency": "eur",
        "id": "price_1RC3Y6PteJOX9ukrratINEP1",
        "interval": "month",
        "interval_count": 1,
        "livemode": false,
        "metadata": {},
        "meter": null,
        "nickname": null,
        "object": "plan",
        "product": "prod_S6G4TBlFaWVRSi",
        "tiers_mode": null,
        "transform_usage": null,
        "trial_period_days": null,
        "usage_type": "licensed"
      },
      "quantity": 1,
      "schedule": null,
      "start_date": 1744232036,
      "status": "incomplete",
      "test_clock": null,
      "transfer_data": null,
      "trial_end": null,
      "trial_settings": {
        "end_behavior": {
          "missing_payment_method": "create_invoice"
        }
      },
      "trial_start": null
    }
  },
  "id": "evt_1RC5dEPteJOX9ukr6wKs0tWW",
  "livemode": false,
  "object": "event",
  "pending_webhooks": 2,
  "request": {
    "id": null,
    "idempotency_key": "5f51ff69-7151-43b3-adee-2ec7fdc51535"
  },
  "type": "customer.subscription.created"
}
2025-04-09 22:54:00,396 [INFO] ðŸ“¦ Ricevuto evento Stripe: customer.subscription.updated
2025-04-09 22:54:00,396 [INFO] ðŸ“¨ Payload ricevuto: {
  "api_version": "2025-02-24.acacia",
  "created": 1744232039,
  "data": {
    "object": {
      "application": null,
      "application_fee_percent": null,
      "automatic_tax": {
        "disabled_reason": null,
        "enabled": false,
        "liability": null
      },
      "billing_cycle_anchor": 1744232036,
      "billing_cycle_anchor_config": null,
      "billing_thresholds": null,
      "cancel_at": null,
      "cancel_at_period_end": false,
      "canceled_at": null,
      "cancellation_details": {
        "comment": null,
        "feedback": null,
        "reason": null
      },
      "collection_method": "charge_automatically",
      "created": 1744232036,
      "currency": "eur",
      "current_period_end": 1746824036,
      "current_period_start": 1744232036,
      "customer": "cus_S6IDBSR5UZ6Vpy",
      "days_until_due": null,
      "default_payment_method": "pm_1RC5d9PteJOX9ukrvDTvmqCl",
      "default_source": null,
      "default_tax_rates": [],
      "description": null,
      "discount": null,
      "discounts": [],
      "ended_at": null,
      "id": "sub_1RC5dAPteJOX9ukr9THDdqKo",
      "invoice_settings": {
        "account_tax_ids": null,
        "issuer": {
          "type": "self"
        }
      },
      "items": {
        "data": [
          {
            "billing_thresholds": null,
            "created": 1744232036,
            "current_period_end": 1746824036,
            "current_period_start": 1744232036,
            "discounts": [],
            "id": "si_S6IDCPn3DZwSBf",
            "metadata": {},
            "object": "subscription_item",
            "plan": {
              "active": true,
              "aggregate_usage": null,
              "amount": 3600,
              "amount_decimal": "3600",
              "billing_scheme": "per_unit",
              "created": 1744224034,
              "currency": "eur",
              "id": "price_1RC3Y6PteJOX9ukrratINEP1",
              "interval": "month",
              "interval_count": 1,
              "livemode": false,
              "metadata": {},
              "meter": null,
              "nickname": null,
              "object": "plan",
              "product": "prod_S6G4TBlFaWVRSi",
              "tiers_mode": null,
              "transform_usage": null,
              "trial_period_days": null,
              "usage_type": "licensed"
            },
            "price": {
              "active": true,
              "billing_scheme": "per_unit",
              "created": 1744224034,
              "currency": "eur",
              "custom_unit_amount": null,
              "id": "price_1RC3Y6PteJOX9ukrratINEP1",
              "livemode": false,
              "lookup_key": null,
              "metadata": {},
              "nickname": null,
              "object": "price",
              "product": "prod_S6G4TBlFaWVRSi",
              "recurring": {
                "aggregate_usage": null,
                "interval": "month",
                "interval_count": 1,
                "meter": null,
                "trial_period_days": null,
                "usage_type": "licensed"
              },
              "tax_behavior": "inclusive",
              "tiers_mode": null,
              "transform_quantity": null,
              "type": "recurring",
              "unit_amount": 3600,
              "unit_amount_decimal": "3600"
            },
            "quantity": 1,
            "subscription": "sub_1RC5dAPteJOX9ukr9THDdqKo",
            "tax_rates": []
          }
        ],
        "has_more": false,
        "object": "list",
        "total_count": 1,
        "url": "/v1/subscription_items?subscription=sub_1RC5dAPteJOX9ukr9THDdqKo"
      },
      "latest_invoice": "in_1RC5dAPteJOX9ukrZzURMP4f",
      "livemode": false,
      "metadata": {},
      "next_pending_invoice_item_invoice": null,
      "object": "subscription",
      "on_behalf_of": null,
      "pause_collection": null,
      "payment_settings": {
        "payment_method_options": {
          "acss_debit": null,
          "bancontact": null,
          "card": {
            "network": null,
            "request_three_d_secure": "automatic"
          },
          "customer_balance": null,
          "konbini": null,
          "sepa_debit": null,
          "us_bank_account": null
        },
        "payment_method_types": [
          "card"
        ],
        "save_default_payment_method": "off"
      },
      "pending_invoice_item_interval": null,
      "pending_setup_intent": null,
      "pending_update": null,
      "plan": {
        "active": true,
        "aggregate_usage": null,
        "amount": 3600,
        "amount_decimal": "3600",
        "billing_scheme": "per_unit",
        "created": 1744224034,
        "currency": "eur",
        "id": "price_1RC3Y6PteJOX9ukrratINEP1",
        "interval": "month",
        "interval_count": 1,
        "livemode": false,
        "metadata": {},
        "meter": null,
        "nickname": null,
        "object": "plan",
        "product": "prod_S6G4TBlFaWVRSi",
        "tiers_mode": null,
        "transform_usage": null,
        "trial_period_days": null,
        "usage_type": "licensed"
      },
      "quantity": 1,
      "schedule": null,
      "start_date": 1744232036,
      "status": "active",
      "test_clock": null,
      "transfer_data": null,
      "trial_end": null,
      "trial_settings": {
        "end_behavior": {
          "missing_payment_method": "create_invoice"
        }
      },
      "trial_start": null
    },
    "previous_attributes": {
      "default_payment_method": null,
      "status": "incomplete"
    }
  },
  "id": "evt_1RC5dEPteJOX9ukrOwg66OQu",
  "livemode": false,
  "object": "event",
  "pending_webhooks": 2,
  "request": {
    "id": null,
    "idempotency_key": "5f51ff69-7151-43b3-adee-2ec7fdc51535"
  },
  "type": "customer.subscription.updated"
}
2025-04-09 22:54:00,462 [INFO] ðŸ“¦ Ricevuto evento Stripe: payment_intent.succeeded
2025-04-09 22:54:00,462 [INFO] ðŸ“¨ Payload ricevuto: {
  "api_version": "2025-02-24.acacia",
  "created": 1744232038,
  "data": {
    "object": {
      "amount": 3600,
      "amount_capturable": 0,
      "amount_details": {
        "tip": {}
      },
      "amount_received": 3600,
      "application": null,
      "application_fee_amount": null,
      "automatic_payment_methods": null,
      "canceled_at": null,
      "cancellation_reason": null,
      "capture_method": "automatic",
      "client_secret": "pi_3RC5dAPteJOX9ukr08mlxjh7_secret_B7J6hPjOi9sqjkMZXG75e4XKV",
      "confirmation_method": "automatic",
      "created": 1744232036,
      "currency": "eur",
      "customer": "cus_S6IDBSR5UZ6Vpy",
      "description": "Subscription creation",
      "id": "pi_3RC5dAPteJOX9ukr08mlxjh7",
      "invoice": "in_1RC5dAPteJOX9ukrZzURMP4f",
      "last_payment_error": null,
      "latest_charge": "ch_3RC5dAPteJOX9ukr0Rj2lglB",
      "livemode": false,
      "metadata": {},
      "next_action": null,
      "object": "payment_intent",
      "on_behalf_of": null,
      "payment_method": "pm_1RC5d9PteJOX9ukrvDTvmqCl",
      "payment_method_configuration_details": null,
      "payment_method_options": {
        "card": {
          "installments": null,
          "mandate_options": null,
          "network": null,
          "request_three_d_secure": "automatic",
          "setup_future_usage": "off_session"
        }
      },
      "payment_method_types": [
        "card"
      ],
      "processing": null,
      "receipt_email": null,
      "review": null,
      "setup_future_usage": "off_session",
      "shipping": null,
      "source": null,
      "statement_descriptor": null,
      "statement_descriptor_suffix": null,
      "status": "succeeded",
      "transfer_data": null,
      "transfer_group": null
    }
  },
  "id": "evt_3RC5dAPteJOX9ukr0z8zJd1E",
  "livemode": false,
  "object": "event",
  "pending_webhooks": 2,
  "request": {
    "id": null,
    "idempotency_key": "5f51ff69-7151-43b3-adee-2ec7fdc51535"
  },
  "type": "payment_intent.succeeded"
}
2025-04-09 22:54:00,535 [INFO] ðŸ“¦ Ricevuto evento Stripe: payment_intent.created
2025-04-09 22:54:00,535 [INFO] ðŸ“¨ Payload ricevuto: {
  "api_version": "2025-02-24.acacia",
  "created": 1744232036,
  "data": {
    "object": {
      "amount": 3600,
      "amount_capturable": 0,
      "amount_details": {
        "tip": {}
      },
      "amount_received": 0,
      "application": null,
      "application_fee_amount": null,
      "automatic_payment_methods": null,
      "canceled_at": null,
      "cancellation_reason": null,
      "capture_method": "automatic",
      "client_secret": "pi_3RC5dAPteJOX9ukr08mlxjh7_secret_B7J6hPjOi9sqjkMZXG75e4XKV",
      "confirmation_method": "automatic",
      "created": 1744232036,
      "currency": "eur",
      "customer": "cus_S6IDBSR5UZ6Vpy",
      "description": "Subscription creation",
      "id": "pi_3RC5dAPteJOX9ukr08mlxjh7",
      "invoice": "in_1RC5dAPteJOX9ukrZzURMP4f",
      "last_payment_error": null,
      "latest_charge": null,
      "livemode": false,
      "metadata": {},
      "next_action": null,
      "object": "payment_intent",
      "on_behalf_of": null,
      "payment_method": null,
      "payment_method_configuration_details": null,
      "payment_method_options": {
        "card": {
          "installments": null,
          "mandate_options": null,
          "network": null,
          "request_three_d_secure": "automatic"
        }
      },
      "payment_method_types": [
        "card"
      ],
      "processing": null,
      "receipt_email": null,
      "review": null,
      "setup_future_usage": "off_session",
      "shipping": null,
      "source": null,
      "statement_descriptor": null,
      "statement_descriptor_suffix": null,
      "status": "requires_payment_method",
      "transfer_data": null,
      "transfer_group": null
    }
  },
  "id": "evt_3RC5dAPteJOX9ukr0bu1PPG3",
  "livemode": false,
  "object": "event",
  "pending_webhooks": 2,
  "request": {
    "id": null,
    "idempotency_key": "5f51ff69-7151-43b3-adee-2ec7fdc51535"
  },
  "type": "payment_intent.created"
}
2025-04-09 22:54:00,675 [INFO] ðŸ“¦ Ricevuto evento Stripe: invoice.created
2025-04-09 22:54:00,675 [INFO] ðŸ“¨ Payload ricevuto: {
  "api_version": "2025-02-24.acacia",
  "created": 1744232037,
  "data": {
    "object": {
      "account_country": "IT",
      "account_name": "Default sandbox",
      "account_tax_ids": null,
      "amount_due": 3600,
      "amount_overpaid": 0,
      "amount_paid": 0,
      "amount_remaining": 3600,
      "amount_shipping": 0,
      "application": null,
      "application_fee_amount": null,
      "attempt_count": 0,
      "attempted": false,
      "auto_advance": false,
      "automatic_tax": {
        "disabled_reason": null,
        "enabled": false,
        "liability": null,
        "status": null
      },
      "automatically_finalizes_at": null,
      "billing_reason": "subscription_create",
      "charge": null,
      "collection_method": "charge_automatically",
      "created": 1744232036,
      "currency": "eur",
      "custom_fields": null,
      "customer": "cus_S6IDBSR5UZ6Vpy",
      "customer_address": {
        "city": null,
        "country": "IT",
        "line1": null,
        "line2": null,
        "postal_code": null,
        "state": null
      },
      "customer_email": "a.a@gmail.com",
      "customer_name": "Alessio Q",
      "customer_phone": null,
      "customer_shipping": null,
      "customer_tax_exempt": "none",
      "customer_tax_ids": [],
      "default_payment_method": null,
      "default_source": null,
      "default_tax_rates": [],
      "description": null,
      "discount": null,
      "discounts": [],
      "due_date": null,
      "effective_at": 1744232036,
      "ending_balance": 0,
      "footer": null,
      "from_invoice": null,
      "hosted_invoice_url": "https://invoice.stripe.com/i/acct_1R8r8BPteJOX9ukr/test_YWNjdF8xUjhyOEJQdGVKT1g5dWtyLF9TNklENXlyOEhBQlpUUUR6bDNlNGFKQllBZlZheGxRLDEzNDc3Mjg0MA02005jm91Fwp?s=ap",
      "id": "in_1RC5dAPteJOX9ukrZzURMP4f",
      "invoice_pdf": "https://pay.stripe.com/invoice/acct_1R8r8BPteJOX9ukr/test_YWNjdF8xUjhyOEJQdGVKT1g5dWtyLF9TNklENXlyOEhBQlpUUUR6bDNlNGFKQllBZlZheGxRLDEzNDc3Mjg0MA02005jm91Fwp/pdf?s=ap",
      "issuer": {
        "type": "self"
      },
      "last_finalization_error": null,
      "latest_revision": null,
      "lines": {
        "data": [
          {
            "amount": 3600,
            "amount_excluding_tax": 3600,
            "currency": "eur",
            "description": "1 \u00d7 ProfessionalDesk (at \u20ac36.00 / month)",
            "discount_amounts": [],
            "discountable": true,
            "discounts": [],
            "id": "il_1RC5dAPteJOX9ukrUqrFOqO8",
            "invoice": "in_1RC5dAPteJOX9ukrZzURMP4f",
            "livemode": false,
            "metadata": {},
            "object": "line_item",
            "parent": {
              "invoice_item_details": null,
              "subscription_item_details": {
                "invoice_item": null,
                "proration": false,
                "proration_details": {
                  "credited_items": null
                },
                "subscription": "sub_1RC5dAPteJOX9ukr9THDdqKo",
                "subscription_item": "si_S6IDCPn3DZwSBf"
              },
              "type": "subscription_item_details"
            },
            "period": {
              "end": 1746824036,
              "start": 1744232036
            },
            "plan": {
              "active": true,
              "aggregate_usage": null,
              "amount": 3600,
              "amount_decimal": "3600",
              "billing_scheme": "per_unit",
              "created": 1744224034,
              "currency": "eur",
              "id": "price_1RC3Y6PteJOX9ukrratINEP1",
              "interval": "month",
              "interval_count": 1,
              "livemode": false,
              "metadata": {},
              "meter": null,
              "nickname": null,
              "object": "plan",
              "product": "prod_S6G4TBlFaWVRSi",
              "tiers_mode": null,
              "transform_usage": null,
              "trial_period_days": null,
              "usage_type": "licensed"
            },
            "pretax_credit_amounts": [],
            "price": {
              "active": true,
              "billing_scheme": "per_unit",
              "created": 1744224034,
              "currency": "eur",
              "custom_unit_amount": null,
              "id": "price_1RC3Y6PteJOX9ukrratINEP1",
              "livemode": false,
              "lookup_key": null,
              "metadata": {},
              "nickname": null,
              "object": "price",
              "product": "prod_S6G4TBlFaWVRSi",
              "recurring": {
                "aggregate_usage": null,
                "interval": "month",
                "interval_count": 1,
                "meter": null,
                "trial_period_days": null,
                "usage_type": "licensed"
              },
              "tax_behavior": "inclusive",
              "tiers_mode": null,
              "transform_quantity": null,
              "type": "recurring",
              "unit_amount": 3600,
              "unit_amount_decimal": "3600"
            },
            "pricing": {
              "price_details": {
                "price": "price_1RC3Y6PteJOX9ukrratINEP1",
                "product": "prod_S6G4TBlFaWVRSi"
              },
              "type": "price_details",
              "unit_amount_decimal": "3600"
            },
            "proration": false,
            "proration_details": {
              "credited_items": null
            },
            "quantity": 1,
            "subscription": "sub_1RC5dAPteJOX9ukr9THDdqKo",
            "subscription_item": "si_S6IDCPn3DZwSBf",
            "tax_amounts": [],
            "tax_rates": [],
            "taxes": [],
            "type": "subscription",
            "unit_amount_excluding_tax": "3600"
          }
        ],
        "has_more": false,
        "object": "list",
        "total_count": 1,
        "url": "/v1/invoices/in_1RC5dAPteJOX9ukrZzURMP4f/lines"
      },
      "livemode": false,
      "metadata": {},
      "next_payment_attempt": null,
      "number": "FD6214D7-0013",
      "object": "invoice",
      "on_behalf_of": null,
      "paid": false,
      "paid_out_of_band": false,
      "parent": {
        "quote_details": null,
        "subscription_details": {
          "metadata": {},
          "subscription": "sub_1RC5dAPteJOX9ukr9THDdqKo"
        },
        "type": "subscription_details"
      },
      "payment_intent": "pi_3RC5dAPteJOX9ukr08mlxjh7",
      "payment_settings": {
        "default_mandate": null,
        "payment_method_options": {
          "acss_debit": null,
          "bancontact": null,
          "card": {
            "request_three_d_secure": "automatic"
          },
          "customer_balance": null,
          "konbini": null,
          "sepa_debit": null,
          "us_bank_account": null
        },
        "payment_method_types": [
          "card"
        ]
      },
      "period_end": 1744232036,
      "period_start": 1744232036,
      "post_payment_credit_notes_amount": 0,
      "pre_payment_credit_notes_amount": 0,
      "quote": null,
      "receipt_number": null,
      "rendering": null,
      "shipping_cost": null,
      "shipping_details": null,
      "starting_balance": 0,
      "statement_descriptor": null,
      "status": "open",
      "status_transitions": {
        "finalized_at": 1744232036,
        "marked_uncollectible_at": null,
        "paid_at": null,
        "voided_at": null
      },
      "subscription": "sub_1RC5dAPteJOX9ukr9THDdqKo",
      "subscription_details": {
        "metadata": {}
      },
      "subtotal": 3600,
      "subtotal_excluding_tax": 3600,
      "tax": null,
      "test_clock": null,
      "total": 3600,
      "total_discount_amounts": [],
      "total_excluding_tax": 3600,
      "total_pretax_credit_amounts": [],
      "total_tax_amounts": [],
      "total_taxes": [],
      "transfer_data": null,
      "webhooks_delivered_at": null
    }
  },
  "id": "evt_1RC5dEPteJOX9ukrxXWv60Sf",
  "livemode": false,
  "object": "event",
  "pending_webhooks": 2,
  "request": {
    "id": null,
    "idempotency_key": "5f51ff69-7151-43b3-adee-2ec7fdc51535"
  },
  "type": "invoice.created"
}
2025-04-09 22:54:00,754 [INFO] ðŸ“¦ Ricevuto evento Stripe: invoice.finalized
2025-04-09 22:54:00,755 [INFO] ðŸ“¨ Payload ricevuto: {
  "api_version": "2025-02-24.acacia",
  "created": 1744232037,
  "data": {
    "object": {
      "account_country": "IT",
      "account_name": "Default sandbox",
      "account_tax_ids": null,
      "amount_due": 3600,
      "amount_overpaid": 0,
      "amount_paid": 0,
      "amount_remaining": 3600,
      "amount_shipping": 0,
      "application": null,
      "application_fee_amount": null,
      "attempt_count": 0,
      "attempted": false,
      "auto_advance": false,
      "automatic_tax": {
        "disabled_reason": null,
        "enabled": false,
        "liability": null,
        "status": null
      },
      "automatically_finalizes_at": null,
      "billing_reason": "subscription_create",
      "charge": null,
      "collection_method": "charge_automatically",
      "created": 1744232036,
      "currency": "eur",
      "custom_fields": null,
      "customer": "cus_S6IDBSR5UZ6Vpy",
      "customer_address": {
        "city": null,
        "country": "IT",
        "line1": null,
        "line2": null,
        "postal_code": null,
        "state": null
      },
      "customer_email": "a.a@gmail.com",
      "customer_name": "Alessio Q",
      "customer_phone": null,
      "customer_shipping": null,
      "customer_tax_exempt": "none",
      "customer_tax_ids": [],
      "default_payment_method": null,
      "default_source": null,
      "default_tax_rates": [],
      "description": null,
      "discount": null,
      "discounts": [],
      "due_date": null,
      "effective_at": 1744232036,
      "ending_balance": 0,
      "footer": null,
      "from_invoice": null,
      "hosted_invoice_url": "https://invoice.stripe.com/i/acct_1R8r8BPteJOX9ukr/test_YWNjdF8xUjhyOEJQdGVKT1g5dWtyLF9TNklENXlyOEhBQlpUUUR6bDNlNGFKQllBZlZheGxRLDEzNDc3Mjg0MA02005jm91Fwp?s=ap",
      "id": "in_1RC5dAPteJOX9ukrZzURMP4f",
      "invoice_pdf": "https://pay.stripe.com/invoice/acct_1R8r8BPteJOX9ukr/test_YWNjdF8xUjhyOEJQdGVKT1g5dWtyLF9TNklENXlyOEhBQlpUUUR6bDNlNGFKQllBZlZheGxRLDEzNDc3Mjg0MA02005jm91Fwp/pdf?s=ap",
      "issuer": {
        "type": "self"
      },
      "last_finalization_error": null,
      "latest_revision": null,
      "lines": {
        "data": [
          {
            "amount": 3600,
            "amount_excluding_tax": 3600,
            "currency": "eur",
            "description": "1 \u00d7 ProfessionalDesk (at \u20ac36.00 / month)",
            "discount_amounts": [],
            "discountable": true,
            "discounts": [],
            "id": "il_1RC5dAPteJOX9ukrUqrFOqO8",
            "invoice": "in_1RC5dAPteJOX9ukrZzURMP4f",
            "livemode": false,
            "metadata": {},
            "object": "line_item",
            "parent": {
              "invoice_item_details": null,
              "subscription_item_details": {
                "invoice_item": null,
                "proration": false,
                "proration_details": {
                  "credited_items": null
                },
                "subscription": "sub_1RC5dAPteJOX9ukr9THDdqKo",
                "subscription_item": "si_S6IDCPn3DZwSBf"
              },
              "type": "subscription_item_details"
            },
            "period": {
              "end": 1746824036,
              "start": 1744232036
            },
            "plan": {
              "active": true,
              "aggregate_usage": null,
              "amount": 3600,
              "amount_decimal": "3600",
              "billing_scheme": "per_unit",
              "created": 1744224034,
              "currency": "eur",
              "id": "price_1RC3Y6PteJOX9ukrratINEP1",
              "interval": "month",
              "interval_count": 1,
              "livemode": false,
              "metadata": {},
              "meter": null,
              "nickname": null,
              "object": "plan",
              "product": "prod_S6G4TBlFaWVRSi",
              "tiers_mode": null,
              "transform_usage": null,
              "trial_period_days": null,
              "usage_type": "licensed"
            },
            "pretax_credit_amounts": [],
            "price": {
              "active": true,
              "billing_scheme": "per_unit",
              "created": 1744224034,
              "currency": "eur",
              "custom_unit_amount": null,
              "id": "price_1RC3Y6PteJOX9ukrratINEP1",
              "livemode": false,
              "lookup_key": null,
              "metadata": {},
              "nickname": null,
              "object": "price",
              "product": "prod_S6G4TBlFaWVRSi",
              "recurring": {
                "aggregate_usage": null,
                "interval": "month",
                "interval_count": 1,
                "meter": null,
                "trial_period_days": null,
                "usage_type": "licensed"
              },
              "tax_behavior": "inclusive",
              "tiers_mode": null,
              "transform_quantity": null,
              "type": "recurring",
              "unit_amount": 3600,
              "unit_amount_decimal": "3600"
            },
            "pricing": {
              "price_details": {
                "price": "price_1RC3Y6PteJOX9ukrratINEP1",
                "product": "prod_S6G4TBlFaWVRSi"
              },
              "type": "price_details",
              "unit_amount_decimal": "3600"
            },
            "proration": false,
            "proration_details": {
              "credited_items": null
            },
            "quantity": 1,
            "subscription": "sub_1RC5dAPteJOX9ukr9THDdqKo",
            "subscription_item": "si_S6IDCPn3DZwSBf",
            "tax_amounts": [],
            "tax_rates": [],
            "taxes": [],
            "type": "subscription",
            "unit_amount_excluding_tax": "3600"
          }
        ],
        "has_more": false,
        "object": "list",
        "total_count": 1,
        "url": "/v1/invoices/in_1RC5dAPteJOX9ukrZzURMP4f/lines"
      },
      "livemode": false,
      "metadata": {},
      "next_payment_attempt": null,
      "number": "FD6214D7-0013",
      "object": "invoice",
      "on_behalf_of": null,
      "paid": false,
      "paid_out_of_band": false,
      "parent": {
        "quote_details": null,
        "subscription_details": {
          "metadata": {},
          "subscription": "sub_1RC5dAPteJOX9ukr9THDdqKo"
        },
        "type": "subscription_details"
      },
      "payment_intent": "pi_3RC5dAPteJOX9ukr08mlxjh7",
      "payment_settings": {
        "default_mandate": null,
        "payment_method_options": {
          "acss_debit": null,
          "bancontact": null,
          "card": {
            "request_three_d_secure": "automatic"
          },
          "customer_balance": null,
          "konbini": null,
          "sepa_debit": null,
          "us_bank_account": null
        },
        "payment_method_types": [
          "card"
        ]
      },
      "period_end": 1744232036,
      "period_start": 1744232036,
      "post_payment_credit_notes_amount": 0,
      "pre_payment_credit_notes_amount": 0,
      "quote": null,
      "receipt_number": null,
      "rendering": null,
      "shipping_cost": null,
      "shipping_details": null,
      "starting_balance": 0,
      "statement_descriptor": null,
      "status": "open",
      "status_transitions": {
        "finalized_at": 1744232036,
        "marked_uncollectible_at": null,
        "paid_at": null,
        "voided_at": null
      },
      "subscription": "sub_1RC5dAPteJOX9ukr9THDdqKo",
      "subscription_details": {
        "metadata": {}
      },
      "subtotal": 3600,
      "subtotal_excluding_tax": 3600,
      "tax": null,
      "test_clock": null,
      "total": 3600,
      "total_discount_amounts": [],
      "total_excluding_tax": 3600,
      "total_pretax_credit_amounts": [],
      "total_tax_amounts": [],
      "total_taxes": [],
      "transfer_data": null,
      "webhooks_delivered_at": null
    }
  },
  "id": "evt_1RC5dEPteJOX9ukrGgvuLdOH",
  "livemode": false,
  "object": "event",
  "pending_webhooks": 2,
  "request": {
    "id": null,
    "idempotency_key": "5f51ff69-7151-43b3-adee-2ec7fdc51535"
  },
  "type": "invoice.finalized"
}
2025-04-09 22:54:00,895 [INFO] ðŸ“¦ Ricevuto evento Stripe: invoice.updated
2025-04-09 22:54:00,896 [INFO] ðŸ“¨ Payload ricevuto: {
  "api_version": "2025-02-24.acacia",
  "created": 1744232039,
  "data": {
    "object": {
      "account_country": "IT",
      "account_name": "Default sandbox",
      "account_tax_ids": null,
      "amount_due": 3600,
      "amount_overpaid": 0,
      "amount_paid": 3600,
      "amount_remaining": 0,
      "amount_shipping": 0,
      "application": null,
      "application_fee_amount": null,
      "attempt_count": 1,
      "attempted": true,
      "auto_advance": false,
      "automatic_tax": {
        "disabled_reason": null,
        "enabled": false,
        "liability": null,
        "status": null
      },
      "automatically_finalizes_at": null,
      "billing_reason": "subscription_create",
      "charge": "ch_3RC5dAPteJOX9ukr0Rj2lglB",
      "collection_method": "charge_automatically",
      "created": 1744232036,
      "currency": "eur",
      "custom_fields": null,
      "customer": "cus_S6IDBSR5UZ6Vpy",
      "customer_address": {
        "city": null,
        "country": "IT",
        "line1": null,
        "line2": null,
        "postal_code": null,
        "state": null
      },
      "customer_email": "a.a@gmail.com",
      "customer_name": "Alessio Q",
      "customer_phone": null,
      "customer_shipping": null,
      "customer_tax_exempt": "none",
      "customer_tax_ids": [],
      "default_payment_method": null,
      "default_source": null,
      "default_tax_rates": [],
      "description": null,
      "discount": null,
      "discounts": [],
      "due_date": null,
      "effective_at": 1744232036,
      "ending_balance": 0,
      "footer": null,
      "from_invoice": null,
      "hosted_invoice_url": "https://invoice.stripe.com/i/acct_1R8r8BPteJOX9ukr/test_YWNjdF8xUjhyOEJQdGVKT1g5dWtyLF9TNklENXlyOEhBQlpUUUR6bDNlNGFKQllBZlZheGxRLDEzNDc3Mjg0MA02005jm91Fwp?s=ap",
      "id": "in_1RC5dAPteJOX9ukrZzURMP4f",
      "invoice_pdf": "https://pay.stripe.com/invoice/acct_1R8r8BPteJOX9ukr/test_YWNjdF8xUjhyOEJQdGVKT1g5dWtyLF9TNklENXlyOEhBQlpUUUR6bDNlNGFKQllBZlZheGxRLDEzNDc3Mjg0MA02005jm91Fwp/pdf?s=ap",
      "issuer": {
        "type": "self"
      },
      "last_finalization_error": null,
      "latest_revision": null,
      "lines": {
        "data": [
          {
            "amount": 3600,
            "amount_excluding_tax": 3600,
            "currency": "eur",
            "description": "1 \u00d7 ProfessionalDesk (at \u20ac36.00 / month)",
            "discount_amounts": [],
            "discountable": true,
            "discounts": [],
            "id": "il_1RC5dAPteJOX9ukrUqrFOqO8",
            "invoice": "in_1RC5dAPteJOX9ukrZzURMP4f",
            "livemode": false,
            "metadata": {},
            "object": "line_item",
            "parent": {
              "invoice_item_details": null,
              "subscription_item_details": {
                "invoice_item": null,
                "proration": false,
                "proration_details": {
                  "credited_items": null
                },
                "subscription": "sub_1RC5dAPteJOX9ukr9THDdqKo",
                "subscription_item": "si_S6IDCPn3DZwSBf"
              },
              "type": "subscription_item_details"
            },
            "period": {
              "end": 1746824036,
              "start": 1744232036
            },
            "plan": {
              "active": true,
              "aggregate_usage": null,
              "amount": 3600,
              "amount_decimal": "3600",
              "billing_scheme": "per_unit",
              "created": 1744224034,
              "currency": "eur",
              "id": "price_1RC3Y6PteJOX9ukrratINEP1",
              "interval": "month",
              "interval_count": 1,
              "livemode": false,
              "metadata": {},
              "meter": null,
              "nickname": null,
              "object": "plan",
              "product": "prod_S6G4TBlFaWVRSi",
              "tiers_mode": null,
              "transform_usage": null,
              "trial_period_days": null,
              "usage_type": "licensed"
            },
            "pretax_credit_amounts": [],
            "price": {
              "active": true,
              "billing_scheme": "per_unit",
              "created": 1744224034,
              "currency": "eur",
              "custom_unit_amount": null,
              "id": "price_1RC3Y6PteJOX9ukrratINEP1",
              "livemode": false,
              "lookup_key": null,
              "metadata": {},
              "nickname": null,
              "object": "price",
              "product": "prod_S6G4TBlFaWVRSi",
              "recurring": {
                "aggregate_usage": null,
                "interval": "month",
                "interval_count": 1,
                "meter": null,
                "trial_period_days": null,
                "usage_type": "licensed"
              },
              "tax_behavior": "inclusive",
              "tiers_mode": null,
              "transform_quantity": null,
              "type": "recurring",
              "unit_amount": 3600,
              "unit_amount_decimal": "3600"
            },
            "pricing": {
              "price_details": {
                "price": "price_1RC3Y6PteJOX9ukrratINEP1",
                "product": "prod_S6G4TBlFaWVRSi"
              },
              "type": "price_details",
              "unit_amount_decimal": "3600"
            },
            "proration": false,
            "proration_details": {
              "credited_items": null
            },
            "quantity": 1,
            "subscription": "sub_1RC5dAPteJOX9ukr9THDdqKo",
            "subscription_item": "si_S6IDCPn3DZwSBf",
            "tax_amounts": [],
            "tax_rates": [],
            "taxes": [],
            "type": "subscription",
            "unit_amount_excluding_tax": "3600"
          }
        ],
        "has_more": false,
        "object": "list",
        "total_count": 1,
        "url": "/v1/invoices/in_1RC5dAPteJOX9ukrZzURMP4f/lines"
      },
      "livemode": false,
      "metadata": {},
      "next_payment_attempt": null,
      "number": "FD6214D7-0013",
      "object": "invoice",
      "on_behalf_of": null,
      "paid": true,
      "paid_out_of_band": false,
      "parent": {
        "quote_details": null,
        "subscription_details": {
          "metadata": {},
          "subscription": "sub_1RC5dAPteJOX9ukr9THDdqKo"
        },
        "type": "subscription_details"
      },
      "payment_intent": "pi_3RC5dAPteJOX9ukr08mlxjh7",
      "payment_settings": {
        "default_mandate": null,
        "payment_method_options": {
          "acss_debit": null,
          "bancontact": null,
          "card": {
            "request_three_d_secure": "automatic"
          },
          "customer_balance": null,
          "konbini": null,
          "sepa_debit": null,
          "us_bank_account": null
        },
        "payment_method_types": [
          "card"
        ]
      },
      "period_end": 1744232036,
      "period_start": 1744232036,
      "post_payment_credit_notes_amount": 0,
      "pre_payment_credit_notes_amount": 0,
      "quote": null,
      "receipt_number": null,
      "rendering": null,
      "shipping_cost": null,
      "shipping_details": null,
      "starting_balance": 0,
      "statement_descriptor": null,
      "status": "paid",
      "status_transitions": {
        "finalized_at": 1744232036,
        "marked_uncollectible_at": null,
        "paid_at": 1744232038,
        "voided_at": null
      },
      "subscription": "sub_1RC5dAPteJOX9ukr9THDdqKo",
      "subscription_details": {
        "metadata": {}
      },
      "subtotal": 3600,
      "subtotal_excluding_tax": 3600,
      "tax": null,
      "test_clock": null,
      "total": 3600,
      "total_discount_amounts": [],
      "total_excluding_tax": 3600,
      "total_pretax_credit_amounts": [],
      "total_tax_amounts": [],
      "total_taxes": [],
      "transfer_data": null,
      "webhooks_delivered_at": null
    },
    "previous_attributes": {
      "amount_paid": 0,
      "amount_remaining": 3600,
      "attempt_count": 0,
      "attempted": false,
      "charge": null,
      "paid": false,
      "status": "open",
      "status_transitions": {
        "paid_at": null
      }
    }
  },
  "id": "evt_1RC5dEPteJOX9ukrA52OXuqe",
  "livemode": false,
  "object": "event",
  "pending_webhooks": 2,
  "request": {
    "id": null,
    "idempotency_key": "5f51ff69-7151-43b3-adee-2ec7fdc51535"
  },
  "type": "invoice.updated"
}
2025-04-09 22:54:00,963 [INFO] ðŸ“¦ Ricevuto evento Stripe: invoice.paid
2025-04-09 22:54:00,963 [INFO] ðŸ“¨ Payload ricevuto: {
  "api_version": "2025-02-24.acacia",
  "created": 1744232039,
  "data": {
    "object": {
      "account_country": "IT",
      "account_name": "Default sandbox",
      "account_tax_ids": null,
      "amount_due": 3600,
      "amount_overpaid": 0,
      "amount_paid": 3600,
      "amount_remaining": 0,
      "amount_shipping": 0,
      "application": null,
      "application_fee_amount": null,
      "attempt_count": 1,
      "attempted": true,
      "auto_advance": false,
      "automatic_tax": {
        "disabled_reason": null,
        "enabled": false,
        "liability": null,
        "status": null
      },
      "automatically_finalizes_at": null,
      "billing_reason": "subscription_create",
      "charge": "ch_3RC5dAPteJOX9ukr0Rj2lglB",
      "collection_method": "charge_automatically",
      "created": 1744232036,
      "currency": "eur",
      "custom_fields": null,
      "customer": "cus_S6IDBSR5UZ6Vpy",
      "customer_address": {
        "city": null,
        "country": "IT",
        "line1": null,
        "line2": null,
        "postal_code": null,
        "state": null
      },
      "customer_email": "a.a@gmail.com",
      "customer_name": "Alessio Q",
      "customer_phone": null,
      "customer_shipping": null,
      "customer_tax_exempt": "none",
      "customer_tax_ids": [],
      "default_payment_method": null,
      "default_source": null,
      "default_tax_rates": [],
      "description": null,
      "discount": null,
      "discounts": [],
      "due_date": null,
      "effective_at": 1744232036,
      "ending_balance": 0,
      "footer": null,
      "from_invoice": null,
      "hosted_invoice_url": "https://invoice.stripe.com/i/acct_1R8r8BPteJOX9ukr/test_YWNjdF8xUjhyOEJQdGVKT1g5dWtyLF9TNklENXlyOEhBQlpUUUR6bDNlNGFKQllBZlZheGxRLDEzNDc3Mjg0MA02005jm91Fwp?s=ap",
      "id": "in_1RC5dAPteJOX9ukrZzURMP4f",
      "invoice_pdf": "https://pay.stripe.com/invoice/acct_1R8r8BPteJOX9ukr/test_YWNjdF8xUjhyOEJQdGVKT1g5dWtyLF9TNklENXlyOEhBQlpUUUR6bDNlNGFKQllBZlZheGxRLDEzNDc3Mjg0MA02005jm91Fwp/pdf?s=ap",
      "issuer": {
        "type": "self"
      },
      "last_finalization_error": null,
      "latest_revision": null,
      "lines": {
        "data": [
          {
            "amount": 3600,
            "amount_excluding_tax": 3600,
            "currency": "eur",
            "description": "1 \u00d7 ProfessionalDesk (at \u20ac36.00 / month)",
            "discount_amounts": [],
            "discountable": true,
            "discounts": [],
            "id": "il_1RC5dAPteJOX9ukrUqrFOqO8",
            "invoice": "in_1RC5dAPteJOX9ukrZzURMP4f",
            "livemode": false,
            "metadata": {},
            "object": "line_item",
            "parent": {
              "invoice_item_details": null,
              "subscription_item_details": {
                "invoice_item": null,
                "proration": false,
                "proration_details": {
                  "credited_items": null
                },
                "subscription": "sub_1RC5dAPteJOX9ukr9THDdqKo",
                "subscription_item": "si_S6IDCPn3DZwSBf"
              },
              "type": "subscription_item_details"
            },
            "period": {
              "end": 1746824036,
              "start": 1744232036
            },
            "plan": {
              "active": true,
              "aggregate_usage": null,
              "amount": 3600,
              "amount_decimal": "3600",
              "billing_scheme": "per_unit",
              "created": 1744224034,
              "currency": "eur",
              "id": "price_1RC3Y6PteJOX9ukrratINEP1",
              "interval": "month",
              "interval_count": 1,
              "livemode": false,
              "metadata": {},
              "meter": null,
              "nickname": null,
              "object": "plan",
              "product": "prod_S6G4TBlFaWVRSi",
              "tiers_mode": null,
              "transform_usage": null,
              "trial_period_days": null,
              "usage_type": "licensed"
            },
            "pretax_credit_amounts": [],
            "price": {
              "active": true,
              "billing_scheme": "per_unit",
              "created": 1744224034,
              "currency": "eur",
              "custom_unit_amount": null,
              "id": "price_1RC3Y6PteJOX9ukrratINEP1",
              "livemode": false,
              "lookup_key": null,
              "metadata": {},
              "nickname": null,
              "object": "price",
              "product": "prod_S6G4TBlFaWVRSi",
              "recurring": {
                "aggregate_usage": null,
                "interval": "month",
                "interval_count": 1,
                "meter": null,
                "trial_period_days": null,
                "usage_type": "licensed"
              },
              "tax_behavior": "inclusive",
              "tiers_mode": null,
              "transform_quantity": null,
              "type": "recurring",
              "unit_amount": 3600,
              "unit_amount_decimal": "3600"
            },
            "pricing": {
              "price_details": {
                "price": "price_1RC3Y6PteJOX9ukrratINEP1",
                "product": "prod_S6G4TBlFaWVRSi"
              },
              "type": "price_details",
              "unit_amount_decimal": "3600"
            },
            "proration": false,
            "proration_details": {
              "credited_items": null
            },
            "quantity": 1,
            "subscription": "sub_1RC5dAPteJOX9ukr9THDdqKo",
            "subscription_item": "si_S6IDCPn3DZwSBf",
            "tax_amounts": [],
            "tax_rates": [],
            "taxes": [],
            "type": "subscription",
            "unit_amount_excluding_tax": "3600"
          }
        ],
        "has_more": false,
        "object": "list",
        "total_count": 1,
        "url": "/v1/invoices/in_1RC5dAPteJOX9ukrZzURMP4f/lines"
      },
      "livemode": false,
      "metadata": {},
      "next_payment_attempt": null,
      "number": "FD6214D7-0013",
      "object": "invoice",
      "on_behalf_of": null,
      "paid": true,
      "paid_out_of_band": false,
      "parent": {
        "quote_details": null,
        "subscription_details": {
          "metadata": {},
          "subscription": "sub_1RC5dAPteJOX9ukr9THDdqKo"
        },
        "type": "subscription_details"
      },
      "payment_intent": "pi_3RC5dAPteJOX9ukr08mlxjh7",
      "payment_settings": {
        "default_mandate": null,
        "payment_method_options": {
          "acss_debit": null,
          "bancontact": null,
          "card": {
            "request_three_d_secure": "automatic"
          },
          "customer_balance": null,
          "konbini": null,
          "sepa_debit": null,
          "us_bank_account": null
        },
        "payment_method_types": [
          "card"
        ]
      },
      "period_end": 1744232036,
      "period_start": 1744232036,
      "post_payment_credit_notes_amount": 0,
      "pre_payment_credit_notes_amount": 0,
      "quote": null,
      "receipt_number": null,
      "rendering": null,
      "shipping_cost": null,
      "shipping_details": null,
      "starting_balance": 0,
      "statement_descriptor": null,
      "status": "paid",
      "status_transitions": {
        "finalized_at": 1744232036,
        "marked_uncollectible_at": null,
        "paid_at": 1744232038,
        "voided_at": null
      },
      "subscription": "sub_1RC5dAPteJOX9ukr9THDdqKo",
      "subscription_details": {
        "metadata": {}
      },
      "subtotal": 3600,
      "subtotal_excluding_tax": 3600,
      "tax": null,
      "test_clock": null,
      "total": 3600,
      "total_discount_amounts": [],
      "total_excluding_tax": 3600,
      "total_pretax_credit_amounts": [],
      "total_tax_amounts": [],
      "total_taxes": [],
      "transfer_data": null,
      "webhooks_delivered_at": null
    }
  },
  "id": "evt_1RC5dEPteJOX9ukrGy2HQcqH",
  "livemode": false,
  "object": "event",
  "pending_webhooks": 2,
  "request": {
    "id": null,
    "idempotency_key": "5f51ff69-7151-43b3-adee-2ec7fdc51535"
  },
  "type": "invoice.paid"
}
2025-04-09 22:54:01,050 [INFO] ðŸ“¦ Ricevuto evento Stripe: invoice.payment_succeeded
2025-04-09 22:54:01,051 [INFO] ðŸ“¨ Payload ricevuto: {
  "api_version": "2025-02-24.acacia",
  "created": 1744232039,
  "data": {
    "object": {
      "account_country": "IT",
      "account_name": "Default sandbox",
      "account_tax_ids": null,
      "amount_due": 3600,
      "amount_overpaid": 0,
      "amount_paid": 3600,
      "amount_remaining": 0,
      "amount_shipping": 0,
      "application": null,
      "application_fee_amount": null,
      "attempt_count": 1,
      "attempted": true,
      "auto_advance": false,
      "automatic_tax": {
        "disabled_reason": null,
        "enabled": false,
        "liability": null,
        "status": null
      },
      "automatically_finalizes_at": null,
      "billing_reason": "subscription_create",
      "charge": "ch_3RC5dAPteJOX9ukr0Rj2lglB",
      "collection_method": "charge_automatically",
      "created": 1744232036,
      "currency": "eur",
      "custom_fields": null,
      "customer": "cus_S6IDBSR5UZ6Vpy",
      "customer_address": {
        "city": null,
        "country": "IT",
        "line1": null,
        "line2": null,
        "postal_code": null,
        "state": null
      },
      "customer_email": "a.a@gmail.com",
      "customer_name": "Alessio Q",
      "customer_phone": null,
      "customer_shipping": null,
      "customer_tax_exempt": "none",
      "customer_tax_ids": [],
      "default_payment_method": null,
      "default_source": null,
      "default_tax_rates": [],
      "description": null,
      "discount": null,
      "discounts": [],
      "due_date": null,
      "effective_at": 1744232036,
      "ending_balance": 0,
      "footer": null,
      "from_invoice": null,
      "hosted_invoice_url": "https://invoice.stripe.com/i/acct_1R8r8BPteJOX9ukr/test_YWNjdF8xUjhyOEJQdGVKT1g5dWtyLF9TNklENXlyOEhBQlpUUUR6bDNlNGFKQllBZlZheGxRLDEzNDc3Mjg0MA02005jm91Fwp?s=ap",
      "id": "in_1RC5dAPteJOX9ukrZzURMP4f",
      "invoice_pdf": "https://pay.stripe.com/invoice/acct_1R8r8BPteJOX9ukr/test_YWNjdF8xUjhyOEJQdGVKT1g5dWtyLF9TNklENXlyOEhBQlpUUUR6bDNlNGFKQllBZlZheGxRLDEzNDc3Mjg0MA02005jm91Fwp/pdf?s=ap",
      "issuer": {
        "type": "self"
      },
      "last_finalization_error": null,
      "latest_revision": null,
      "lines": {
        "data": [
          {
            "amount": 3600,
            "amount_excluding_tax": 3600,
            "currency": "eur",
            "description": "1 \u00d7 ProfessionalDesk (at \u20ac36.00 / month)",
            "discount_amounts": [],
            "discountable": true,
            "discounts": [],
            "id": "il_1RC5dAPteJOX9ukrUqrFOqO8",
            "invoice": "in_1RC5dAPteJOX9ukrZzURMP4f",
            "livemode": false,
            "metadata": {},
            "object": "line_item",
            "parent": {
              "invoice_item_details": null,
              "subscription_item_details": {
                "invoice_item": null,
                "proration": false,
                "proration_details": {
                  "credited_items": null
                },
                "subscription": "sub_1RC5dAPteJOX9ukr9THDdqKo",
                "subscription_item": "si_S6IDCPn3DZwSBf"
              },
              "type": "subscription_item_details"
            },
            "period": {
              "end": 1746824036,
              "start": 1744232036
            },
            "plan": {
              "active": true,
              "aggregate_usage": null,
              "amount": 3600,
              "amount_decimal": "3600",
              "billing_scheme": "per_unit",
              "created": 1744224034,
              "currency": "eur",
              "id": "price_1RC3Y6PteJOX9ukrratINEP1",
              "interval": "month",
              "interval_count": 1,
              "livemode": false,
              "metadata": {},
              "meter": null,
              "nickname": null,
              "object": "plan",
              "product": "prod_S6G4TBlFaWVRSi",
              "tiers_mode": null,
              "transform_usage": null,
              "trial_period_days": null,
              "usage_type": "licensed"
            },
            "pretax_credit_amounts": [],
            "price": {
              "active": true,
              "billing_scheme": "per_unit",
              "created": 1744224034,
              "currency": "eur",
              "custom_unit_amount": null,
              "id": "price_1RC3Y6PteJOX9ukrratINEP1",
              "livemode": false,
              "lookup_key": null,
              "metadata": {},
              "nickname": null,
              "object": "price",
              "product": "prod_S6G4TBlFaWVRSi",
              "recurring": {
                "aggregate_usage": null,
                "interval": "month",
                "interval_count": 1,
                "meter": null,
                "trial_period_days": null,
                "usage_type": "licensed"
              },
              "tax_behavior": "inclusive",
              "tiers_mode": null,
              "transform_quantity": null,
              "type": "recurring",
              "unit_amount": 3600,
              "unit_amount_decimal": "3600"
            },
            "pricing": {
              "price_details": {
                "price": "price_1RC3Y6PteJOX9ukrratINEP1",
                "product": "prod_S6G4TBlFaWVRSi"
              },
              "type": "price_details",
              "unit_amount_decimal": "3600"
            },
            "proration": false,
            "proration_details": {
              "credited_items": null
            },
            "quantity": 1,
            "subscription": "sub_1RC5dAPteJOX9ukr9THDdqKo",
            "subscription_item": "si_S6IDCPn3DZwSBf",
            "tax_amounts": [],
            "tax_rates": [],
            "taxes": [],
            "type": "subscription",
            "unit_amount_excluding_tax": "3600"
          }
        ],
        "has_more": false,
        "object": "list",
        "total_count": 1,
        "url": "/v1/invoices/in_1RC5dAPteJOX9ukrZzURMP4f/lines"
      },
      "livemode": false,
      "metadata": {},
      "next_payment_attempt": null,
      "number": "FD6214D7-0013",
      "object": "invoice",
      "on_behalf_of": null,
      "paid": true,
      "paid_out_of_band": false,
      "parent": {
        "quote_details": null,
        "subscription_details": {
          "metadata": {},
          "subscription": "sub_1RC5dAPteJOX9ukr9THDdqKo"
        },
        "type": "subscription_details"
      },
      "payment_intent": "pi_3RC5dAPteJOX9ukr08mlxjh7",
      "payment_settings": {
        "default_mandate": null,
        "payment_method_options": {
          "acss_debit": null,
          "bancontact": null,
          "card": {
            "request_three_d_secure": "automatic"
          },
          "customer_balance": null,
          "konbini": null,
          "sepa_debit": null,
          "us_bank_account": null
        },
        "payment_method_types": [
          "card"
        ]
      },
      "period_end": 1744232036,
      "period_start": 1744232036,
      "post_payment_credit_notes_amount": 0,
      "pre_payment_credit_notes_amount": 0,
      "quote": null,
      "receipt_number": null,
      "rendering": null,
      "shipping_cost": null,
      "shipping_details": null,
      "starting_balance": 0,
      "statement_descriptor": null,
      "status": "paid",
      "status_transitions": {
        "finalized_at": 1744232036,
        "marked_uncollectible_at": null,
        "paid_at": 1744232038,
        "voided_at": null
      },
      "subscription": "sub_1RC5dAPteJOX9ukr9THDdqKo",
      "subscription_details": {
        "metadata": {}
      },
      "subtotal": 3600,
      "subtotal_excluding_tax": 3600,
      "tax": null,
      "test_clock": null,
      "total": 3600,
      "total_discount_amounts": [],
      "total_excluding_tax": 3600,
      "total_pretax_credit_amounts": [],
      "total_tax_amounts": [],
      "total_taxes": [],
      "transfer_data": null,
      "webhooks_delivered_at": null
    }
  },
  "id": "evt_1RC5dEPteJOX9ukrMF7zc9zr",
  "livemode": false,
  "object": "event",
  "pending_webhooks": 2,
  "request": {
    "id": null,
    "idempotency_key": "5f51ff69-7151-43b3-adee-2ec7fdc51535"
  },
  "type": "invoice.payment_succeeded"
}
